[debug] [2025-06-25T19:37:14.063Z] ----------------------------------------------------------------------
[debug] [2025-06-25T19:37:14.065Z] Command:       C:\Program Files\nodejs\node.exe C:\Users\Alice\AppData\Roaming\npm\node_modules\firebase-tools\lib\bin\firebase.js init
[debug] [2025-06-25T19:37:14.065Z] CLI Version:   14.8.0
[debug] [2025-06-25T19:37:14.065Z] Platform:      win32
[debug] [2025-06-25T19:37:14.065Z] Node Version:  v22.14.0
[debug] [2025-06-25T19:37:14.066Z] Time:          Wed Jun 25 2025 16:37:14 GMT-0300 (Horário Padrão de Brasília)
[debug] [2025-06-25T19:37:14.066Z] ----------------------------------------------------------------------
[debug] 
[debug] [2025-06-25T19:37:14.070Z] > command requires scopes: ["email","openid","https://www.googleapis.com/auth/cloudplatformprojects.readonly","https://www.googleapis.com/auth/firebase","https://www.googleapis.com/auth/cloud-platform"]
[debug] [2025-06-25T19:37:14.070Z] > authorizing via signed-in user (mriaepss0@gmail.com)
[info] 
     ######## #### ########  ######## ########     ###     ######  ########
     ##        ##  ##     ## ##       ##     ##  ##   ##  ##       ##
     ######    ##  ########  ######   ########  #########  ######  ######
     ##        ##  ##    ##  ##       ##     ## ##     ##       ## ##
     ##       #### ##     ## ######## ########  ##     ##  ######  ########

You're about to initialize a Firebase project in this directory:

  C:\Users\Alice\OneDrive\Área de Trabalho\Maria\horarios\Hor-rios-main

[info] 
=== Project Setup
[info] 
[info] First, let's associate this project directory with a Firebase project.
[info] You can create multiple project aliases by running firebase use --add, 
[info] but for now we'll just set up a default project.
[info] 
[debug] [2025-06-25T19:39:30.120Z] Checked if tokens are valid: true, expires at: 1750882822837
[debug] [2025-06-25T19:39:30.120Z] Checked if tokens are valid: true, expires at: 1750882822837
[debug] [2025-06-25T19:39:30.121Z] >>> [apiv2][query] GET https://firebase.googleapis.com/v1beta1/projects pageSize=100
[debug] [2025-06-25T19:39:30.912Z] <<< [apiv2][status] GET https://firebase.googleapis.com/v1beta1/projects 200
[debug] [2025-06-25T19:39:30.912Z] <<< [apiv2][body] GET https://firebase.googleapis.com/v1beta1/projects [omitted]
[info] i  Using project horarios-1b8e8 (horarios) 
[info] 
=== Hosting Setup
[debug] [2025-06-25T19:39:35.496Z] Checked if tokens are valid: true, expires at: 1750882822837
[debug] [2025-06-25T19:39:35.496Z] Checked if tokens are valid: true, expires at: 1750882822837
[debug] [2025-06-25T19:39:35.496Z] >>> [apiv2][query] GET https://firebase.googleapis.com/v1beta1/projects/horarios-1b8e8 [none]
[debug] [2025-06-25T19:39:35.914Z] <<< [apiv2][status] GET https://firebase.googleapis.com/v1beta1/projects/horarios-1b8e8 200
[debug] [2025-06-25T19:39:35.915Z] <<< [apiv2][body] GET https://firebase.googleapis.com/v1beta1/projects/horarios-1b8e8 {"projectId":"horarios-1b8e8","projectNumber":"469197191882","displayName":"horarios","name":"projects/horarios-1b8e8","resources":{"hostingSite":"horarios-1b8e8"},"state":"ACTIVE","etag":"1_bb71af5b-175e-4081-bd3d-e89fe766893c"}
[info] 
[info] Your public directory is the folder (relative to your project directory) that
[info] will contain Hosting assets to be uploaded with firebase deploy. If you
[info] have a build process for your assets, use your build's output directory.
[info] 
[debug] [2025-06-25T19:45:44.067Z] >>> [apiv2][query] GET https://www.gstatic.com/firebasejs/releases.json [none]
[debug] [2025-06-25T19:45:44.216Z] <<< [apiv2][status] GET https://www.gstatic.com/firebasejs/releases.json 200
[debug] [2025-06-25T19:45:44.216Z] <<< [apiv2][body] GET https://www.gstatic.com/firebasejs/releases.json {"current":{"version":"11.9.1","browserURL":"https://www.gstatic.com/firebasejs/11.9.1/firebase.js","packageURL":"https://www.gstatic.com/firebasejs/11.9.1/firebase.tgz"},"live":{"version":"11.9","browserURL":"https://www.gstatic.com/firebasejs/live/11.9/firebase.js","packageURL":"https://www.gstatic.com/firebasejs/live/11.9/firebase.tgz"},"components":{"ai":"https://www.gstatic.com/firebasejs/11.9.1/firebase-ai.js","analytics":"https://www.gstatic.com/firebasejs/11.9.1/firebase-analytics.js","app":"https://www.gstatic.com/firebasejs/11.9.1/firebase-app.js","app-check":"https://www.gstatic.com/firebasejs/11.9.1/firebase-app-check.js","auth":"https://www.gstatic.com/firebasejs/11.9.1/firebase-auth.js","auth/cordova":"https://www.gstatic.com/firebasejs/11.9.1/firebase-auth/cordova.js","auth/web-extension":"https://www.gstatic.com/firebasejs/11.9.1/firebase-auth/web-extension.js","functions":"https://www.gstatic.com/firebasejs/11.9.1/firebase-functions.js","firestore":"https://www.gstatic.com/firebasejs/11.9.1/firebase-firestore.js","firestore/lite":"https://www.gstatic.com/firebasejs/11.9.1/firebase-firestore/lite.js","installations":"https://www.gstatic.com/firebasejs/11.9.1/firebase-installations.js","storage":"https://www.gstatic.com/firebasejs/11.9.1/firebase-storage.js","performance":"https://www.gstatic.com/firebasejs/11.9.1/firebase-performance.js","remote-config":"https://www.gstatic.com/firebasejs/11.9.1/firebase-remote-config.js","messaging":"https://www.gstatic.com/firebasejs/11.9.1/firebase-messaging.js","messaging/sw":"https://www.gstatic.com/firebasejs/11.9.1/firebase-messaging/sw.js","database":"https://www.gstatic.com/firebasejs/11.9.1/firebase-database.js","vertexai":"https://www.gstatic.com/firebasejs/11.9.1/firebase-vertexai.js","data-connect":"https://www.gstatic.com/firebasejs/11.9.1/firebase-data-connect.js","firestore.memory":"https://www.gstatic.com/firebasejs/11.9.1/firebase-firestore.memory.js"}}
[debug] [2025-06-25T19:45:44.440Z] Error: ENOTDIR: not a directory, scandir 'C:\Users\Alice\OneDrive\Área de Trabalho\Maria\horarios\Hor-rios-main\index.html'
    at Object.readdirSync (node:fs:1584:26)
    at Object.createFileSync (C:\Users\Alice\AppData\Roaming\npm\node_modules\firebase-tools\node_modules\fs-extra\lib\ensure\file.js:55:10)
    at Config.writeProjectFile (C:\Users\Alice\AppData\Roaming\npm\node_modules\firebase-tools\lib\config.js:160:12)
    at Config.askWriteProjectFile (C:\Users\Alice\AppData\Roaming\npm\node_modules\firebase-tools\lib\config.js:208:14)
    at process.processTicksAndRejections (node:internal/process/task_queues:105:5)
    at async Object.doSetup (C:\Users\Alice\AppData\Roaming\npm\node_modules\firebase-tools\lib\init\features\hosting\index.js:157:9)
    at async init (C:\Users\Alice\AppData\Roaming\npm\node_modules\firebase-tools\lib\init\index.js:57:13)
    at async Command.initAction [as actionFn] (C:\Users\Alice\AppData\Roaming\npm\node_modules\firebase-tools\lib\commands\init.js:198:5)
[error] 
[error] Error: An unexpected error has occurred.
[debug] [2025-06-25T19:46:08.928Z] ----------------------------------------------------------------------
[debug] [2025-06-25T19:46:08.931Z] Command:       C:\Program Files\nodejs\node.exe C:\Users\Alice\AppData\Roaming\npm\node_modules\firebase-tools\lib\bin\firebase.js init
[debug] [2025-06-25T19:46:08.931Z] CLI Version:   14.8.0
[debug] [2025-06-25T19:46:08.931Z] Platform:      win32
[debug] [2025-06-25T19:46:08.931Z] Node Version:  v22.14.0
[debug] [2025-06-25T19:46:08.932Z] Time:          Wed Jun 25 2025 16:46:08 GMT-0300 (Horário Padrão de Brasília)
[debug] [2025-06-25T19:46:08.932Z] ----------------------------------------------------------------------
[debug] 
[debug] [2025-06-25T19:46:08.936Z] > command requires scopes: ["email","openid","https://www.googleapis.com/auth/cloudplatformprojects.readonly","https://www.googleapis.com/auth/firebase","https://www.googleapis.com/auth/cloud-platform"]
[debug] [2025-06-25T19:46:08.936Z] > authorizing via signed-in user (mriaepss0@gmail.com)
[info] 
     ######## #### ########  ######## ########     ###     ######  ########
     ##        ##  ##     ## ##       ##     ##  ##   ##  ##       ##
     ######    ##  ########  ######   ########  #########  ######  ######
     ##        ##  ##    ##  ##       ##     ## ##     ##       ## ##
     ##       #### ##     ## ######## ########  ##     ##  ######  ########

You're about to initialize a Firebase project in this directory:

  C:\Users\Alice\OneDrive\Área de Trabalho\Maria\horarios\Hor-rios-main

[info] 
=== Project Setup
[info] 
[info] First, let's associate this project directory with a Firebase project.
[info] You can create multiple project aliases by running firebase use --add, 
[info] but for now we'll just set up a default project.
[info] 
[debug] [2025-06-25T19:46:22.964Z] Checked if tokens are valid: true, expires at: 1750882822837
[debug] [2025-06-25T19:46:22.965Z] Checked if tokens are valid: true, expires at: 1750882822837
[debug] [2025-06-25T19:46:22.966Z] >>> [apiv2][query] GET https://firebase.googleapis.com/v1beta1/projects pageSize=100
[debug] [2025-06-25T19:46:23.741Z] <<< [apiv2][status] GET https://firebase.googleapis.com/v1beta1/projects 200
[debug] [2025-06-25T19:46:23.741Z] <<< [apiv2][body] GET https://firebase.googleapis.com/v1beta1/projects [omitted]
[info] i  Using project horarios-1b8e8 (horarios) 
[info] 
=== Hosting Setup
[debug] [2025-06-25T19:46:25.498Z] Checked if tokens are valid: true, expires at: 1750882822837
[debug] [2025-06-25T19:46:25.498Z] Checked if tokens are valid: true, expires at: 1750882822837
[debug] [2025-06-25T19:46:25.498Z] >>> [apiv2][query] GET https://firebase.googleapis.com/v1beta1/projects/horarios-1b8e8 [none]
[debug] [2025-06-25T19:46:25.836Z] <<< [apiv2][status] GET https://firebase.googleapis.com/v1beta1/projects/horarios-1b8e8 200
[debug] [2025-06-25T19:46:25.837Z] <<< [apiv2][body] GET https://firebase.googleapis.com/v1beta1/projects/horarios-1b8e8 {"projectId":"horarios-1b8e8","projectNumber":"469197191882","displayName":"horarios","name":"projects/horarios-1b8e8","resources":{"hostingSite":"horarios-1b8e8"},"state":"ACTIVE","etag":"1_bb71af5b-175e-4081-bd3d-e89fe766893c"}
[info] 
[info] Your public directory is the folder (relative to your project directory) that
[info] will contain Hosting assets to be uploaded with firebase deploy. If you
[info] have a build process for your assets, use your build's output directory.
[info] 
[debug] [2025-06-25T19:46:40.248Z] >>> [apiv2][query] GET https://www.gstatic.com/firebasejs/releases.json [none]
[debug] [2025-06-25T19:46:40.420Z] <<< [apiv2][status] GET https://www.gstatic.com/firebasejs/releases.json 200
[debug] [2025-06-25T19:46:40.420Z] <<< [apiv2][body] GET https://www.gstatic.com/firebasejs/releases.json {"current":{"version":"11.9.1","browserURL":"https://www.gstatic.com/firebasejs/11.9.1/firebase.js","packageURL":"https://www.gstatic.com/firebasejs/11.9.1/firebase.tgz"},"live":{"version":"11.9","browserURL":"https://www.gstatic.com/firebasejs/live/11.9/firebase.js","packageURL":"https://www.gstatic.com/firebasejs/live/11.9/firebase.tgz"},"components":{"ai":"https://www.gstatic.com/firebasejs/11.9.1/firebase-ai.js","analytics":"https://www.gstatic.com/firebasejs/11.9.1/firebase-analytics.js","app":"https://www.gstatic.com/firebasejs/11.9.1/firebase-app.js","app-check":"https://www.gstatic.com/firebasejs/11.9.1/firebase-app-check.js","auth":"https://www.gstatic.com/firebasejs/11.9.1/firebase-auth.js","auth/cordova":"https://www.gstatic.com/firebasejs/11.9.1/firebase-auth/cordova.js","auth/web-extension":"https://www.gstatic.com/firebasejs/11.9.1/firebase-auth/web-extension.js","functions":"https://www.gstatic.com/firebasejs/11.9.1/firebase-functions.js","firestore":"https://www.gstatic.com/firebasejs/11.9.1/firebase-firestore.js","firestore/lite":"https://www.gstatic.com/firebasejs/11.9.1/firebase-firestore/lite.js","installations":"https://www.gstatic.com/firebasejs/11.9.1/firebase-installations.js","storage":"https://www.gstatic.com/firebasejs/11.9.1/firebase-storage.js","performance":"https://www.gstatic.com/firebasejs/11.9.1/firebase-performance.js","remote-config":"https://www.gstatic.com/firebasejs/11.9.1/firebase-remote-config.js","messaging":"https://www.gstatic.com/firebasejs/11.9.1/firebase-messaging.js","messaging/sw":"https://www.gstatic.com/firebasejs/11.9.1/firebase-messaging/sw.js","database":"https://www.gstatic.com/firebasejs/11.9.1/firebase-database.js","vertexai":"https://www.gstatic.com/firebasejs/11.9.1/firebase-vertexai.js","data-connect":"https://www.gstatic.com/firebasejs/11.9.1/firebase-data-connect.js","firestore.memory":"https://www.gstatic.com/firebasejs/11.9.1/firebase-firestore.memory.js"}}
[debug] [2025-06-25T19:46:40.597Z] Error: ENOTDIR: not a directory, scandir 'C:\Users\Alice\OneDrive\Área de Trabalho\Maria\horarios\Hor-rios-main\index.html'
    at Object.readdirSync (node:fs:1584:26)
    at Object.createFileSync (C:\Users\Alice\AppData\Roaming\npm\node_modules\firebase-tools\node_modules\fs-extra\lib\ensure\file.js:55:10)
    at Config.writeProjectFile (C:\Users\Alice\AppData\Roaming\npm\node_modules\firebase-tools\lib\config.js:160:12)
    at Config.askWriteProjectFile (C:\Users\Alice\AppData\Roaming\npm\node_modules\firebase-tools\lib\config.js:208:14)
    at process.processTicksAndRejections (node:internal/process/task_queues:105:5)
    at async Object.doSetup (C:\Users\Alice\AppData\Roaming\npm\node_modules\firebase-tools\lib\init\features\hosting\index.js:157:9)
    at async init (C:\Users\Alice\AppData\Roaming\npm\node_modules\firebase-tools\lib\init\index.js:57:13)
    at async Command.initAction [as actionFn] (C:\Users\Alice\AppData\Roaming\npm\node_modules\firebase-tools\lib\commands\init.js:198:5)
[error] 
[error] Error: An unexpected error has occurred.
[debug] [2025-06-25T19:47:04.833Z] ----------------------------------------------------------------------
[debug] [2025-06-25T19:47:04.835Z] Command:       C:\Program Files\nodejs\node.exe C:\Users\Alice\AppData\Roaming\npm\node_modules\firebase-tools\lib\bin\firebase.js init
[debug] [2025-06-25T19:47:04.835Z] CLI Version:   14.8.0
[debug] [2025-06-25T19:47:04.835Z] Platform:      win32
[debug] [2025-06-25T19:47:04.835Z] Node Version:  v22.14.0
[debug] [2025-06-25T19:47:04.836Z] Time:          Wed Jun 25 2025 16:47:04 GMT-0300 (Horário Padrão de Brasília)
[debug] [2025-06-25T19:47:04.836Z] ----------------------------------------------------------------------
[debug] 
[debug] [2025-06-25T19:47:04.840Z] > command requires scopes: ["email","openid","https://www.googleapis.com/auth/cloudplatformprojects.readonly","https://www.googleapis.com/auth/firebase","https://www.googleapis.com/auth/cloud-platform"]
[debug] [2025-06-25T19:47:04.840Z] > authorizing via signed-in user (mriaepss0@gmail.com)
[info] 
     ######## #### ########  ######## ########     ###     ######  ########
     ##        ##  ##     ## ##       ##     ##  ##   ##  ##       ##
     ######    ##  ########  ######   ########  #########  ######  ######
     ##        ##  ##    ##  ##       ##     ## ##     ##       ## ##
     ##       #### ##     ## ######## ########  ##     ##  ######  ########

You're about to initialize a Firebase project in this directory:

  C:\Users\Alice\OneDrive\Área de Trabalho\Maria\horarios\Hor-rios-main

[info] 
=== Project Setup
[info] 
[info] First, let's associate this project directory with a Firebase project.
[info] You can create multiple project aliases by running firebase use --add, 
[info] but for now we'll just set up a default project.
[info] 
[debug] [2025-06-25T19:47:14.765Z] Checked if tokens are valid: true, expires at: 1750882822837
[debug] [2025-06-25T19:47:14.765Z] Checked if tokens are valid: true, expires at: 1750882822837
[debug] [2025-06-25T19:47:14.766Z] >>> [apiv2][query] GET https://firebase.googleapis.com/v1beta1/projects pageSize=100
[debug] [2025-06-25T19:47:15.502Z] <<< [apiv2][status] GET https://firebase.googleapis.com/v1beta1/projects 200
[debug] [2025-06-25T19:47:15.502Z] <<< [apiv2][body] GET https://firebase.googleapis.com/v1beta1/projects [omitted]
[info] i  Using project horarios-1b8e8 (horarios) 
[info] 
=== Hosting Setup
[debug] [2025-06-25T19:47:16.218Z] Checked if tokens are valid: true, expires at: 1750882822837
[debug] [2025-06-25T19:47:16.218Z] Checked if tokens are valid: true, expires at: 1750882822837
[debug] [2025-06-25T19:47:16.218Z] >>> [apiv2][query] GET https://firebase.googleapis.com/v1beta1/projects/horarios-1b8e8 [none]
[debug] [2025-06-25T19:47:16.558Z] <<< [apiv2][status] GET https://firebase.googleapis.com/v1beta1/projects/horarios-1b8e8 200
[debug] [2025-06-25T19:47:16.558Z] <<< [apiv2][body] GET https://firebase.googleapis.com/v1beta1/projects/horarios-1b8e8 {"projectId":"horarios-1b8e8","projectNumber":"469197191882","displayName":"horarios","name":"projects/horarios-1b8e8","resources":{"hostingSite":"horarios-1b8e8"},"state":"ACTIVE","etag":"1_bb71af5b-175e-4081-bd3d-e89fe766893c"}
[info] 
[info] Your public directory is the folder (relative to your project directory) that
[info] will contain Hosting assets to be uploaded with firebase deploy. If you
[info] have a build process for your assets, use your build's output directory.
[info] 
[debug] [2025-06-25T19:47:27.099Z] >>> [apiv2][query] GET https://www.gstatic.com/firebasejs/releases.json [none]
[debug] [2025-06-25T19:47:27.206Z] <<< [apiv2][status] GET https://www.gstatic.com/firebasejs/releases.json 200
[debug] [2025-06-25T19:47:27.206Z] <<< [apiv2][body] GET https://www.gstatic.com/firebasejs/releases.json {"current":{"version":"11.9.1","browserURL":"https://www.gstatic.com/firebasejs/11.9.1/firebase.js","packageURL":"https://www.gstatic.com/firebasejs/11.9.1/firebase.tgz"},"live":{"version":"11.9","browserURL":"https://www.gstatic.com/firebasejs/live/11.9/firebase.js","packageURL":"https://www.gstatic.com/firebasejs/live/11.9/firebase.tgz"},"components":{"ai":"https://www.gstatic.com/firebasejs/11.9.1/firebase-ai.js","analytics":"https://www.gstatic.com/firebasejs/11.9.1/firebase-analytics.js","app":"https://www.gstatic.com/firebasejs/11.9.1/firebase-app.js","app-check":"https://www.gstatic.com/firebasejs/11.9.1/firebase-app-check.js","auth":"https://www.gstatic.com/firebasejs/11.9.1/firebase-auth.js","auth/cordova":"https://www.gstatic.com/firebasejs/11.9.1/firebase-auth/cordova.js","auth/web-extension":"https://www.gstatic.com/firebasejs/11.9.1/firebase-auth/web-extension.js","functions":"https://www.gstatic.com/firebasejs/11.9.1/firebase-functions.js","firestore":"https://www.gstatic.com/firebasejs/11.9.1/firebase-firestore.js","firestore/lite":"https://www.gstatic.com/firebasejs/11.9.1/firebase-firestore/lite.js","installations":"https://www.gstatic.com/firebasejs/11.9.1/firebase-installations.js","storage":"https://www.gstatic.com/firebasejs/11.9.1/firebase-storage.js","performance":"https://www.gstatic.com/firebasejs/11.9.1/firebase-performance.js","remote-config":"https://www.gstatic.com/firebasejs/11.9.1/firebase-remote-config.js","messaging":"https://www.gstatic.com/firebasejs/11.9.1/firebase-messaging.js","messaging/sw":"https://www.gstatic.com/firebasejs/11.9.1/firebase-messaging/sw.js","database":"https://www.gstatic.com/firebasejs/11.9.1/firebase-database.js","vertexai":"https://www.gstatic.com/firebasejs/11.9.1/firebase-vertexai.js","data-connect":"https://www.gstatic.com/firebasejs/11.9.1/firebase-data-connect.js","firestore.memory":"https://www.gstatic.com/firebasejs/11.9.1/firebase-firestore.memory.js"}}
[debug] [2025-06-25T19:47:27.349Z] Error: ENOTDIR: not a directory, scandir 'C:\Users\Alice\OneDrive\Área de Trabalho\Maria\horarios\Hor-rios-main\index.html'
    at Object.readdirSync (node:fs:1584:26)
    at Object.createFileSync (C:\Users\Alice\AppData\Roaming\npm\node_modules\firebase-tools\node_modules\fs-extra\lib\ensure\file.js:55:10)
    at Config.writeProjectFile (C:\Users\Alice\AppData\Roaming\npm\node_modules\firebase-tools\lib\config.js:160:12)
    at Config.askWriteProjectFile (C:\Users\Alice\AppData\Roaming\npm\node_modules\firebase-tools\lib\config.js:208:14)
    at process.processTicksAndRejections (node:internal/process/task_queues:105:5)
    at async Object.doSetup (C:\Users\Alice\AppData\Roaming\npm\node_modules\firebase-tools\lib\init\features\hosting\index.js:157:9)
    at async init (C:\Users\Alice\AppData\Roaming\npm\node_modules\firebase-tools\lib\init\index.js:57:13)
    at async Command.initAction [as actionFn] (C:\Users\Alice\AppData\Roaming\npm\node_modules\firebase-tools\lib\commands\init.js:198:5)
[error] 
[error] Error: An unexpected error has occurred.
